<?xml version="1.0" encoding="UTF-8"?>
<testsuite name="Create a NewTours account" tests="1" skipped="0" failures="1" errors="0" timestamp="2018-10-25T13:17:43" hostname="RC-PC" time="6.633">
  <properties/>
  <testcase name="Register on NewTours" classname="Create a NewTours account" time="6.633">
    <failure message="java.lang.AssertionError: No internet conection - &#10;Expected: a collection containing &quot;User Name:&quot;&#10;     but: " type="java.lang.AssertionError">java.lang.AssertionError: No internet conection - 
Expected: a collection containing &quot;User Name:&quot;
     but: 
	at net.serenitybdd.screenplay.ErrorTally.throwSummaryExceptionFrom(ErrorTally.java:36)
	at net.serenitybdd.screenplay.ErrorTally.reportAnyErrors(ErrorTally.java:30)
	at net.serenitybdd.screenplay.Actor.should(Actor.java:187)
	at com.newtours.certification.newtoursloginsp.tasks.OpenHomePage.performAs(OpenHomePage.java:28)
	at com.newtours.certification.newtoursloginsp.tasks.OpenHomePage$$EnhancerByCGLIB$$9712e4b.CGLIB$performAs$0(&lt;generated&gt;)
	at com.newtours.certification.newtoursloginsp.tasks.OpenHomePage$$EnhancerByCGLIB$$9712e4b$$FastClassByCGLIB$$a00cfca3.invoke(&lt;generated&gt;)
	at net.sf.cglib.proxy.MethodProxy.invokeSuper(MethodProxy.java:228)
	at net.thucydides.core.steps.StepInterceptor.invokeMethod(StepInterceptor.java:449)
	at net.thucydides.core.steps.StepInterceptor.executeTestStepMethod(StepInterceptor.java:434)
	at net.thucydides.core.steps.StepInterceptor.runTestStep(StepInterceptor.java:409)
	at net.thucydides.core.steps.StepInterceptor.runOrSkipMethod(StepInterceptor.java:150)
	at net.thucydides.core.steps.StepInterceptor.testStepResult(StepInterceptor.java:137)
	at net.thucydides.core.steps.StepInterceptor.intercept(StepInterceptor.java:68)
	at com.newtours.certification.newtoursloginsp.tasks.OpenHomePage$$EnhancerByCGLIB$$9712e4b.performAs(&lt;generated&gt;)
	at net.serenitybdd.screenplay.Actor.perform(Actor.java:106)
	at net.serenitybdd.screenplay.Actor.attemptsTo(Actor.java:90)
	at net.serenitybdd.screenplay.Actor.wasAbleTo(Actor.java:84)
	at com.newtours.certification.newtoursloginsp.stepdefinitions.NewToursRegisterSpStepDefinitions.thatSebasWantsToRegisterIntoNewToursHeGetsIntoRegisterPage(NewToursRegisterSpStepDefinitions.java:41)
	at ✽.that sebas wants to register into new tours he gets into register page(src/test/resources/features/NewToursRegisterScreenplay.feature:9)
</failure>
  </testcase>
  <system-out><![CDATA[]]></system-out>
  <system-err><![CDATA[oct 25, 2018 8:17:43 AM org.openqa.selenium.remote.DesiredCapabilities chrome
INFORMACIÓN: Using `new ChromeOptions()` is preferred to `DesiredCapabilities.chrome()`
oct 25, 2018 8:17:45 AM org.openqa.selenium.remote.ProtocolHandshake createSession
INFORMACIÓN: Detected dialect: OSS
[Test worker] ERROR net.thucydides.core.steps.ConsoleLoggingListener - 
           __  _____ _____ ____ _____   _____ _    ___ _     _____ ____  
  _       / / |_   _| ____/ ___|_   _| |  ___/ \  |_ _| |   | ____|  _ \ 
 (_)_____| |    | | |  _| \___ \ | |   | |_ / _ \  | || |   |  _| | | | |
  _|_____| |    | | | |___ ___) || |   |  _/ ___ \ | || |___| |___| |_| |
 (_)     | |    |_| |_____|____/ |_|   |_|/_/   \_\___|_____|_____|____/ 
          \_\                                                            

TEST FAILED: Register on NewTours
--------------------------------------------------------------------------
[Test worker] ERROR net.thucydides.core.steps.ConsoleLoggingListener - TEST FAILED AT STEP Then new tours home should be a collection containing 'User Name:'
[Test worker] ERROR net.thucydides.core.steps.ConsoleLoggingListener - No internet conection - Expected: a collection containing "User Name:" but:
]]></system-err>
</testsuite>
